{
  "stats": {
    "suites": 1,
    "tests": 1,
    "passes": 1,
    "pending": 0,
    "failures": 0,
    "start": "2025-06-26T02:38:59.499Z",
    "end": "2025-06-26T02:39:04.236Z",
    "duration": 4737,
    "testsRegistered": 1,
    "passPercent": 100,
    "pendingPercent": 0,
    "other": 0,
    "hasOther": false,
    "skipped": 0,
    "hasSkipped": false
  },
  "results": [
    {
      "uuid": "46a1cadb-0c3c-4afb-bdb9-f4af024f4339",
      "title": "",
      "fullFile": "C:\\Users\\Axioo\\BOOTCAMP QA E\\BintiAmaliyah-Sesi9\\test\\atoz.js",
      "file": "\\test\\atoz.js",
      "beforeHooks": [],
      "afterHooks": [],
      "tests": [],
      "suites": [
        {
          "uuid": "61a5bd71-d797-43b5-932a-1ef6fa80123c",
          "title": "Google search test",
          "fullFile": "C:\\Users\\Axioo\\BOOTCAMP QA E\\BintiAmaliyah-Sesi9\\test\\atoz.js",
          "file": "\\test\\atoz.js",
          "beforeHooks": [],
          "afterHooks": [],
          "tests": [
            {
              "title": "Urutan produk dari A ke Z",
              "fullTitle": "Google search test Urutan produk dari A ke Z",
              "timedOut": false,
              "duration": 4725,
              "state": "passed",
              "speed": "slow",
              "pass": true,
              "fail": false,
              "pending": false,
              "context": null,
              "code": "driver = await new Builder().forBrowser('chrome').build();\nawait driver.get('https://www.saucedemo.com/');\n\nlet inputUsername = await driver.findElement(By.xpath('//*[@id=\"user-name\"]'))\nlet inputPassword = await driver.findElement(By.xpath('//*[@id=\"password\"]'))\nlet buttonlogin = await driver.findElement(By.xpath('//*[@id=\"login-button\"]'))\nawait inputUsername.sendKeys('standard_user');\nawait inputPassword.sendKeys('secret_sauce');\nawait buttonlogin.click();\nconst CurrentUrl = await driver.getCurrentUrl();\nassert.strictEqual(CurrentUrl, 'https://www.saucedemo.com/inventory.html')\nconst sortSelect = await driver.findElement(By.xpath('//*[@id=\"header_container\"]/div[2]/div/span/select'))\nawait sortSelect.sendKeys('Name (A to Z)');\nconst firstItem = await driver.findElement(By.xpath('//*[@id=\"item_4_title_link\"]/div'))\nconst itemname = await firstItem.getText();\nassert.strictEqual(itemname, 'Sauce Labs Backpack');\nawait driver.quit();",
              "err": {},
              "uuid": "0a66950d-dbcd-43ef-94bd-a2bd5f31ca3b",
              "parentUUID": "61a5bd71-d797-43b5-932a-1ef6fa80123c",
              "isHook": false,
              "skipped": false
            }
          ],
          "suites": [],
          "passes": [
            "0a66950d-dbcd-43ef-94bd-a2bd5f31ca3b"
          ],
          "failures": [],
          "pending": [],
          "skipped": [],
          "duration": 4725,
          "root": false,
          "rootEmpty": false,
          "_timeout": 60000
        }
      ],
      "passes": [],
      "failures": [],
      "pending": [],
      "skipped": [],
      "duration": 0,
      "root": true,
      "rootEmpty": true,
      "_timeout": 60000
    }
  ],
  "meta": {
    "mocha": {
      "version": "11.7.1"
    },
    "mochawesome": {
      "options": {
        "quiet": false,
        "reportFilename": "mochawesome",
        "saveHtml": true,
        "saveJson": true,
        "consoleReporter": "spec",
        "useInlineDiffs": false,
        "code": true
      },
      "version": "7.1.3"
    },
    "marge": {
      "options": {
        "reportDir": "mochawesome-report"
      },
      "version": "6.2.0"
    }
  }
}